<?xml version="1.0" encoding="UTF-8"?>
<testsuite name="com.audition.integration.AuditionIntegrationNegativeTest" tests="6" skipped="0" failures="0" errors="0" timestamp="2024-10-08T14:23:12" hostname="Madhawas-MacBook-Pro.local" time="1.256">
  <properties/>
  <testcase name="testGetPostByIdNotFound()" classname="com.audition.integration.AuditionIntegrationNegativeTest" time="0.906"/>
  <testcase name="testGetPostByIdBadRequest()" classname="com.audition.integration.AuditionIntegrationNegativeTest" time="0.05"/>
  <testcase name="testGetCommentsNotFound()" classname="com.audition.integration.AuditionIntegrationNegativeTest" time="0.078"/>
  <testcase name="testGetCommentsByPostIdBadRequest()" classname="com.audition.integration.AuditionIntegrationNegativeTest" time="0.126"/>
  <testcase name="testGetPostsUserNotFound()" classname="com.audition.integration.AuditionIntegrationNegativeTest" time="0.044"/>
  <testcase name="testGetCommentsByPostIdNotFound()" classname="com.audition.integration.AuditionIntegrationNegativeTest" time="0.046"/>
  <system-out><![CDATA[X-B3-TraceId=X-B3-TraceId=X-B3-TraceId=X-B3-TraceId=X-B3-TraceId=X-B3-TraceId=01:23:06,734 |-INFO in ch.qos.logback.core.joran.util.ConfigurationWatchListUtil@16df0ebd - Adding [jar:file:/Users/madhawaranaweera/.gradle/caches/modules-2/files-2.1/org.springframework.boot/spring-boot/3.0.3/d781e7afbeb3d05ce361e9cc4fa7d38b15fb3862/spring-boot-3.0.3.jar!/org/springframework/boot/logging/logback/defaults.xml] to configuration watch list.
01:23:06,734 |-INFO in ch.qos.logback.core.joran.spi.ConfigurationWatchList@1c88b8b5 - URL [jar:file:/Users/madhawaranaweera/.gradle/caches/modules-2/files-2.1/org.springframework.boot/spring-boot/3.0.3/d781e7afbeb3d05ce361e9cc4fa7d38b15fb3862/spring-boot-3.0.3.jar!/org/springframework/boot/logging/logback/defaults.xml] is not of type file
01:23:06,736 |-INFO in ch.qos.logback.core.joran.action.ConversionRuleAction - registering conversion word clr with class [org.springframework.boot.logging.logback.ColorConverter]
01:23:06,736 |-INFO in ch.qos.logback.core.joran.action.ConversionRuleAction - registering conversion word wex with class [org.springframework.boot.logging.logback.WhitespaceThrowableProxyConverter]
01:23:06,736 |-INFO in ch.qos.logback.core.joran.action.ConversionRuleAction - registering conversion word wEx with class [org.springframework.boot.logging.logback.ExtendedWhitespaceThrowableProxyConverter]
01:23:06,737 |-INFO in ch.qos.logback.core.model.processor.AppenderModelHandler - Processing appender named [console]
01:23:06,737 |-INFO in ch.qos.logback.core.model.processor.AppenderModelHandler - About to instantiate appender of type [ch.qos.logback.core.ConsoleAppender]
01:23:06,737 |-INFO in ch.qos.logback.core.model.processor.ImplicitModelHandler - Assuming default type [ch.qos.logback.classic.encoder.PatternLayoutEncoder] for [encoder] property
01:23:06,737 |-WARN in ch.qos.logback.core.model.processor.AppenderModelHandler - Appender named [flatfile] not referenced. Skipping further processing.
01:23:06,737 |-WARN in ch.qos.logback.core.model.processor.AppenderModelHandler - Appender named [logstash] not referenced. Skipping further processing.
01:23:06,737 |-INFO in ch.qos.logback.classic.model.processor.LoggerModelHandler - Setting level of logger [org.apache.catalina.startup.DigesterFactory] to ERROR
01:23:06,737 |-INFO in ch.qos.logback.classic.jul.LevelChangePropagator@2da588fd - Propagating ERROR level on Logger[org.apache.catalina.startup.DigesterFactory] onto the JUL framework
01:23:06,737 |-INFO in ch.qos.logback.classic.model.processor.LoggerModelHandler - Setting level of logger [org.apache.catalina.util.LifecycleBase] to ERROR
01:23:06,737 |-INFO in ch.qos.logback.classic.jul.LevelChangePropagator@2da588fd - Propagating ERROR level on Logger[org.apache.catalina.util.LifecycleBase] onto the JUL framework
01:23:06,737 |-INFO in ch.qos.logback.classic.model.processor.LoggerModelHandler - Setting level of logger [org.apache.coyote.http11.Http11NioProtocol] to WARN
01:23:06,737 |-INFO in ch.qos.logback.classic.jul.LevelChangePropagator@2da588fd - Propagating WARN level on Logger[org.apache.coyote.http11.Http11NioProtocol] onto the JUL framework
01:23:06,737 |-INFO in ch.qos.logback.classic.model.processor.LoggerModelHandler - Setting level of logger [org.apache.sshd.common.util.SecurityUtils] to WARN
01:23:06,737 |-INFO in ch.qos.logback.classic.jul.LevelChangePropagator@2da588fd - Propagating WARN level on Logger[org.apache.sshd.common.util.SecurityUtils] onto the JUL framework
01:23:06,738 |-INFO in ch.qos.logback.classic.model.processor.LoggerModelHandler - Setting level of logger [org.apache.tomcat.util.net.NioSelectorPool] to WARN
01:23:06,738 |-INFO in ch.qos.logback.classic.jul.LevelChangePropagator@2da588fd - Propagating WARN level on Logger[org.apache.tomcat.util.net.NioSelectorPool] onto the JUL framework
01:23:06,738 |-INFO in ch.qos.logback.classic.model.processor.LoggerModelHandler - Setting level of logger [org.eclipse.jetty.util.component.AbstractLifeCycle] to ERROR
01:23:06,738 |-INFO in ch.qos.logback.classic.jul.LevelChangePropagator@2da588fd - Propagating ERROR level on Logger[org.eclipse.jetty.util.component.AbstractLifeCycle] onto the JUL framework
01:23:06,738 |-INFO in ch.qos.logback.classic.model.processor.LoggerModelHandler - Setting level of logger [org.hibernate.validator.internal.util.Version] to WARN
01:23:06,738 |-INFO in ch.qos.logback.classic.jul.LevelChangePropagator@2da588fd - Propagating WARN level on Logger[org.hibernate.validator.internal.util.Version] onto the JUL framework
01:23:06,738 |-INFO in ch.qos.logback.classic.model.processor.LoggerModelHandler - Setting level of logger [org.springframework.boot.actuate.endpoint.jmx] to WARN
01:23:06,738 |-INFO in ch.qos.logback.classic.jul.LevelChangePropagator@2da588fd - Propagating WARN level on Logger[org.springframework.boot.actuate.endpoint.jmx] onto the JUL framework
01:23:06,738 |-INFO in ch.qos.logback.classic.model.processor.RootLoggerModelHandler - Setting level of ROOT logger to INFO
01:23:06,738 |-INFO in ch.qos.logback.classic.jul.LevelChangePropagator@2da588fd - Propagating INFO level on Logger[ROOT] onto the JUL framework
01:23:06,738 |-INFO in ch.qos.logback.core.model.processor.AppenderRefModelHandler - Attaching appender named [console] to Logger[ROOT]
01:23:06,738 |-INFO in ch.qos.logback.core.model.processor.DefaultProcessor@149c22bc - End of configuration.
01:23:06,738 |-INFO in org.springframework.boot.logging.logback.SpringBootJoranConfigurator@5a08e5ec - Registering current configuration as safe fallback point


  .   ____          _            __ _ _
 /\\ / ___'_ __ _ _(_)_ __  __ _ \ \ \ \
( ( )\___ | '_ | '_| | '_ \/ _` | \ \ \ \
 \\/  ___)| |_)| | | | | || (_| |  ) ) ) )
  '  |____| .__|_| |_|_| |_\__, | / / / /
 =========|_|==============|___/=/_/_/_/
 :: Spring Boot ::                (v3.0.3)

X-B3-TraceId=X-B3-TraceId=X-B3-TraceId=X-B3-TraceId=X-B3-TraceId=X-B3-TraceId=X-B3-TraceId=X-B3-TraceId=X-B3-TraceId=X-B3-TraceId=X-B3-TraceId=X-B3-TraceId=X-B3-TraceId=X-B3-TraceId=X-B3-TraceId=X-B3-TraceId=X-B3-TraceId=X-B3-TraceId=X-B3-TraceId=X-B3-TraceId=X-B3-TraceId=X-B3-TraceId=X-B3-TraceId=X-B3-TraceId=X-B3-TraceId=X-B3-TraceId=X-B3-TraceId=X-B3-TraceId=X-B3-TraceId=X-B3-TraceId=X-B3-TraceId=X-B3-TraceId=X-B3-TraceId=X-B3-TraceId=X-B3-TraceId=X-B3-TraceId=X-B3-TraceId=X-B3-TraceId=X-B3-TraceId=X-B3-TraceId=X-B3-TraceId=X-B3-TraceId=X-B3-TraceId=X-B3-TraceId=X-B3-TraceId=X-B3-TraceId=X-B3-TraceId=X-B3-TraceId=X-B3-TraceId=X-B3-TraceId=X-B3-TraceId=X-B3-TraceId=X-B3-TraceId=X-B3-TraceId=X-B3-TraceId=X-B3-TraceId=X-B3-TraceId=X-B3-TraceId=X-B3-TraceId=X-B3-TraceId=X-B3-TraceId=X-B3-TraceId=X-B3-TraceId=X-B3-TraceId=X-B3-TraceId=X-B3-TraceId=X-B3-TraceId=X-B3-TraceId=X-B3-TraceId=X-B3-TraceId=X-B3-TraceId=X-B3-TraceId=X-B3-TraceId=X-B3-TraceId=X-B3-TraceId=X-B3-TraceId=X-B3-TraceId=X-B3-TraceId=X-B3-TraceId=X-B3-TraceId=X-B3-TraceId=X-B3-TraceId=X-B3-TraceId=X-B3-TraceId=X-B3-TraceId=X-B3-TraceId=X-B3-TraceId=X-B3-TraceId=X-B3-TraceId=X-B3-TraceId=X-B3-TraceId=X-B3-TraceId=X-B3-TraceId=X-B3-TraceId=X-B3-TraceId=X-B3-TraceId=X-B3-TraceId=X-B3-TraceId=]]></system-out>
  <system-err><![CDATA[]]></system-err>
</testsuite>
