<?xml version="1.0" encoding="UTF-8"?>
<testsuite name="com.audition.common.PostIdValidatorTest" tests="4" skipped="0" failures="0" errors="0" timestamp="2024-10-08T07:31:03" hostname="Madhawas-MacBook-Pro.local" time="0.028">
  <properties/>
  <testcase name="testValidPostIdList()" classname="com.audition.common.PostIdValidatorTest" time="0.022"/>
  <testcase name="testInvalidPostIdList()" classname="com.audition.common.PostIdValidatorTest" time="0.002"/>
  <testcase name="testInvalidSinglePostId()" classname="com.audition.common.PostIdValidatorTest" time="0.0"/>
  <testcase name="testValidSinglePostId()" classname="com.audition.common.PostIdValidatorTest" time="0.001"/>
  <system-out><![CDATA[]]></system-out>
  <system-err><![CDATA[]]></system-err>
</testsuite>
