<?xml version="1.0" encoding="UTF-8"?>
<testsuite name="com.audition.common.SystemExceptionTest" tests="8" skipped="0" failures="0" errors="0" timestamp="2024-10-08T14:22:49" hostname="Madhawas-MacBook-Pro.local" time="0.053">
  <properties/>
  <testcase name="testConstructorWithMessageAndErrorCode()" classname="com.audition.common.SystemExceptionTest" time="0.015"/>
  <testcase name="testConstructorWithDetailTitleErrorCodeAndThrowable()" classname="com.audition.common.SystemExceptionTest" time="0.001"/>
  <testcase name="testConstructorWithDetailTitleAndErrorCode()" classname="com.audition.common.SystemExceptionTest" time="0.001"/>
  <testcase name="testConstructorWithMessageAndThrowable()" classname="com.audition.common.SystemExceptionTest" time="0.001"/>
  <testcase name="testConstructorWithMessage()" classname="com.audition.common.SystemExceptionTest" time="0.001"/>
  <testcase name="testConstructorWithDetailErrorCodeAndThrowable()" classname="com.audition.common.SystemExceptionTest" time="0.001"/>
  <testcase name="testConstructorWithDetailTitleAndThrowable()" classname="com.audition.common.SystemExceptionTest" time="0.001"/>
  <testcase name="testDefaultConstructor()" classname="com.audition.common.SystemExceptionTest" time="0.002"/>
  <system-out><![CDATA[]]></system-out>
  <system-err><![CDATA[]]></system-err>
</testsuite>
