<?xml version="1.0" encoding="UTF-8"?>
<testsuite name="com.audition.integration.AuditionIntegrationPositiveTest" tests="7" skipped="0" failures="0" errors="0" timestamp="2024-10-08T14:23:14" hostname="Madhawas-MacBook-Pro.local" time="0.478">
  <properties/>
  <testcase name="testGetCommentsNoPostIds()" classname="com.audition.integration.AuditionIntegrationPositiveTest" time="0.075"/>
  <testcase name="testGetPostsNoUserIds()" classname="com.audition.integration.AuditionIntegrationPositiveTest" time="0.044"/>
  <testcase name="testGetCommentsByPostIdSuccess()" classname="com.audition.integration.AuditionIntegrationPositiveTest" time="0.043"/>
  <testcase name="testGetPostByIdSuccess()" classname="com.audition.integration.AuditionIntegrationPositiveTest" time="0.039"/>
  <testcase name="testGetCommentsByPostIdNotFound()" classname="com.audition.integration.AuditionIntegrationPositiveTest" time="0.082"/>
  <testcase name="testGetCommentsValidPostIds()" classname="com.audition.integration.AuditionIntegrationPositiveTest" time="0.054"/>
  <testcase name="testGetPostsWithUserIds()" classname="com.audition.integration.AuditionIntegrationPositiveTest" time="0.128"/>
  <system-out><![CDATA[X-B3-TraceId=X-B3-TraceId=X-B3-TraceId=X-B3-TraceId=X-B3-TraceId=X-B3-TraceId=X-B3-TraceId=X-B3-TraceId=X-B3-TraceId=X-B3-TraceId=X-B3-TraceId=X-B3-TraceId=X-B3-TraceId=X-B3-TraceId=X-B3-TraceId=X-B3-TraceId=X-B3-TraceId=X-B3-TraceId=X-B3-TraceId=X-B3-TraceId=X-B3-TraceId=X-B3-TraceId=X-B3-TraceId=X-B3-TraceId=X-B3-TraceId=X-B3-TraceId=X-B3-TraceId=X-B3-TraceId=X-B3-TraceId=X-B3-TraceId=X-B3-TraceId=X-B3-TraceId=X-B3-TraceId=X-B3-TraceId=X-B3-TraceId=X-B3-TraceId=X-B3-TraceId=X-B3-TraceId=X-B3-TraceId=X-B3-TraceId=X-B3-TraceId=X-B3-TraceId=X-B3-TraceId=X-B3-TraceId=X-B3-TraceId=X-B3-TraceId=X-B3-TraceId=X-B3-TraceId=X-B3-TraceId=X-B3-TraceId=X-B3-TraceId=X-B3-TraceId=X-B3-TraceId=X-B3-TraceId=X-B3-TraceId=X-B3-TraceId=X-B3-TraceId=X-B3-TraceId=X-B3-TraceId=X-B3-TraceId=X-B3-TraceId=X-B3-TraceId=X-B3-TraceId=X-B3-TraceId=X-B3-TraceId=X-B3-TraceId=X-B3-TraceId=X-B3-TraceId=X-B3-TraceId=X-B3-TraceId=X-B3-TraceId=X-B3-TraceId=X-B3-TraceId=X-B3-TraceId=X-B3-TraceId=X-B3-TraceId=X-B3-TraceId=X-B3-TraceId=X-B3-TraceId=X-B3-TraceId=X-B3-TraceId=X-B3-TraceId=X-B3-TraceId=X-B3-TraceId=X-B3-TraceId=X-B3-TraceId=X-B3-TraceId=X-B3-TraceId=X-B3-TraceId=X-B3-TraceId=X-B3-TraceId=X-B3-TraceId=X-B3-TraceId=X-B3-TraceId=X-B3-TraceId=X-B3-TraceId=X-B3-TraceId=X-B3-TraceId=X-B3-TraceId=X-B3-TraceId=X-B3-TraceId=X-B3-TraceId=X-B3-TraceId=]]></system-out>
  <system-err><![CDATA[]]></system-err>
</testsuite>
