<?xml version="1.0" encoding="UTF-8"?>
<testsuite name="com.audition.integration.AuditionIntegrationTest" tests="12" skipped="0" failures="0" errors="0" timestamp="2024-10-08T07:31:22" hostname="Madhawas-MacBook-Pro.local" time="0.789">
  <properties/>
  <testcase name="testGetCommentsNoPostIds()" classname="com.audition.integration.AuditionIntegrationTest" time="0.398"/>
  <testcase name="testGetPostByIdNotFound()" classname="com.audition.integration.AuditionIntegrationTest" time="0.04"/>
  <testcase name="testGetPostByIdBadRequest()" classname="com.audition.integration.AuditionIntegrationTest" time="0.029"/>
  <testcase name="testGetCommentsNotFound()" classname="com.audition.integration.AuditionIntegrationTest" time="0.043"/>
  <testcase name="testGetPostsNoUserIds()" classname="com.audition.integration.AuditionIntegrationTest" time="0.031"/>
  <testcase name="testGetCommentsByPostIdBadRequest()" classname="com.audition.integration.AuditionIntegrationTest" time="0.093"/>
  <testcase name="testGetCommentsByPostIdSuccess()" classname="com.audition.integration.AuditionIntegrationTest" time="0.028"/>
  <testcase name="testGetPostByIdSuccess()" classname="com.audition.integration.AuditionIntegrationTest" time="0.03"/>
  <testcase name="testGetPostsUserNotFound()" classname="com.audition.integration.AuditionIntegrationTest" time="0.022"/>
  <testcase name="testGetCommentsByPostIdNotFound()" classname="com.audition.integration.AuditionIntegrationTest" time="0.021"/>
  <testcase name="testGetCommentsValidPostIds()" classname="com.audition.integration.AuditionIntegrationTest" time="0.022"/>
  <testcase name="testGetPostsWithUserIds()" classname="com.audition.integration.AuditionIntegrationTest" time="0.021"/>
  <system-out><![CDATA[X-B3-TraceId=X-B3-TraceId=X-B3-TraceId=X-B3-TraceId=X-B3-TraceId=X-B3-TraceId=X-B3-TraceId=X-B3-TraceId=18:31:19,514 |-INFO in ch.qos.logback.core.joran.util.ConfigurationWatchListUtil@738ed8d3 - Adding [jar:file:/Users/madhawaranaweera/.gradle/caches/modules-2/files-2.1/org.springframework.boot/spring-boot/3.0.3/d781e7afbeb3d05ce361e9cc4fa7d38b15fb3862/spring-boot-3.0.3.jar!/org/springframework/boot/logging/logback/defaults.xml] to configuration watch list.
18:31:19,514 |-INFO in ch.qos.logback.core.joran.spi.ConfigurationWatchList@6a10ba1c - URL [jar:file:/Users/madhawaranaweera/.gradle/caches/modules-2/files-2.1/org.springframework.boot/spring-boot/3.0.3/d781e7afbeb3d05ce361e9cc4fa7d38b15fb3862/spring-boot-3.0.3.jar!/org/springframework/boot/logging/logback/defaults.xml] is not of type file
18:31:19,516 |-INFO in ch.qos.logback.core.joran.action.ConversionRuleAction - registering conversion word clr with class [org.springframework.boot.logging.logback.ColorConverter]
18:31:19,516 |-INFO in ch.qos.logback.core.joran.action.ConversionRuleAction - registering conversion word wex with class [org.springframework.boot.logging.logback.WhitespaceThrowableProxyConverter]
18:31:19,516 |-INFO in ch.qos.logback.core.joran.action.ConversionRuleAction - registering conversion word wEx with class [org.springframework.boot.logging.logback.ExtendedWhitespaceThrowableProxyConverter]
18:31:19,517 |-INFO in ch.qos.logback.core.model.processor.AppenderModelHandler - Processing appender named [console]
18:31:19,517 |-INFO in ch.qos.logback.core.model.processor.AppenderModelHandler - About to instantiate appender of type [ch.qos.logback.core.ConsoleAppender]
18:31:19,517 |-INFO in ch.qos.logback.core.model.processor.ImplicitModelHandler - Assuming default type [ch.qos.logback.classic.encoder.PatternLayoutEncoder] for [encoder] property
18:31:19,517 |-WARN in ch.qos.logback.core.model.processor.AppenderModelHandler - Appender named [flatfile] not referenced. Skipping further processing.
18:31:19,517 |-WARN in ch.qos.logback.core.model.processor.AppenderModelHandler - Appender named [logstash] not referenced. Skipping further processing.
18:31:19,517 |-INFO in ch.qos.logback.classic.model.processor.LoggerModelHandler - Setting level of logger [org.apache.catalina.startup.DigesterFactory] to ERROR
18:31:19,517 |-INFO in ch.qos.logback.classic.jul.LevelChangePropagator@a985455 - Propagating ERROR level on Logger[org.apache.catalina.startup.DigesterFactory] onto the JUL framework
18:31:19,518 |-INFO in ch.qos.logback.classic.model.processor.LoggerModelHandler - Setting level of logger [org.apache.catalina.util.LifecycleBase] to ERROR
18:31:19,518 |-INFO in ch.qos.logback.classic.jul.LevelChangePropagator@a985455 - Propagating ERROR level on Logger[org.apache.catalina.util.LifecycleBase] onto the JUL framework
18:31:19,518 |-INFO in ch.qos.logback.classic.model.processor.LoggerModelHandler - Setting level of logger [org.apache.coyote.http11.Http11NioProtocol] to WARN
18:31:19,518 |-INFO in ch.qos.logback.classic.jul.LevelChangePropagator@a985455 - Propagating WARN level on Logger[org.apache.coyote.http11.Http11NioProtocol] onto the JUL framework
18:31:19,518 |-INFO in ch.qos.logback.classic.model.processor.LoggerModelHandler - Setting level of logger [org.apache.sshd.common.util.SecurityUtils] to WARN
18:31:19,518 |-INFO in ch.qos.logback.classic.jul.LevelChangePropagator@a985455 - Propagating WARN level on Logger[org.apache.sshd.common.util.SecurityUtils] onto the JUL framework
18:31:19,518 |-INFO in ch.qos.logback.classic.model.processor.LoggerModelHandler - Setting level of logger [org.apache.tomcat.util.net.NioSelectorPool] to WARN
18:31:19,518 |-INFO in ch.qos.logback.classic.jul.LevelChangePropagator@a985455 - Propagating WARN level on Logger[org.apache.tomcat.util.net.NioSelectorPool] onto the JUL framework
18:31:19,518 |-INFO in ch.qos.logback.classic.model.processor.LoggerModelHandler - Setting level of logger [org.eclipse.jetty.util.component.AbstractLifeCycle] to ERROR
18:31:19,518 |-INFO in ch.qos.logback.classic.jul.LevelChangePropagator@a985455 - Propagating ERROR level on Logger[org.eclipse.jetty.util.component.AbstractLifeCycle] onto the JUL framework
18:31:19,518 |-INFO in ch.qos.logback.classic.model.processor.LoggerModelHandler - Setting level of logger [org.hibernate.validator.internal.util.Version] to WARN
18:31:19,518 |-INFO in ch.qos.logback.classic.jul.LevelChangePropagator@a985455 - Propagating WARN level on Logger[org.hibernate.validator.internal.util.Version] onto the JUL framework
18:31:19,518 |-INFO in ch.qos.logback.classic.model.processor.LoggerModelHandler - Setting level of logger [org.springframework.boot.actuate.endpoint.jmx] to WARN
18:31:19,518 |-INFO in ch.qos.logback.classic.jul.LevelChangePropagator@a985455 - Propagating WARN level on Logger[org.springframework.boot.actuate.endpoint.jmx] onto the JUL framework
18:31:19,518 |-INFO in ch.qos.logback.classic.model.processor.RootLoggerModelHandler - Setting level of ROOT logger to INFO
18:31:19,518 |-INFO in ch.qos.logback.classic.jul.LevelChangePropagator@a985455 - Propagating INFO level on Logger[ROOT] onto the JUL framework
18:31:19,518 |-INFO in ch.qos.logback.core.model.processor.AppenderRefModelHandler - Attaching appender named [console] to Logger[ROOT]
18:31:19,518 |-INFO in ch.qos.logback.core.model.processor.DefaultProcessor@3bc04539 - End of configuration.
18:31:19,518 |-INFO in org.springframework.boot.logging.logback.SpringBootJoranConfigurator@478d09df - Registering current configuration as safe fallback point


  .   ____          _            __ _ _
 /\\ / ___'_ __ _ _(_)_ __  __ _ \ \ \ \
( ( )\___ | '_ | '_| | '_ \/ _` | \ \ \ \
 \\/  ___)| |_)| | | | | || (_| |  ) ) ) )
  '  |____| .__|_| |_|_| |_\__, | / / / /
 =========|_|==============|___/=/_/_/_/
 :: Spring Boot ::                (v3.0.3)

X-B3-TraceId=X-B3-TraceId=X-B3-TraceId=X-B3-TraceId=X-B3-TraceId=X-B3-TraceId=X-B3-TraceId=X-B3-TraceId=X-B3-TraceId=X-B3-TraceId=X-B3-TraceId=X-B3-TraceId=X-B3-TraceId=X-B3-TraceId=X-B3-TraceId=X-B3-TraceId=X-B3-TraceId=X-B3-TraceId=X-B3-TraceId=X-B3-TraceId=X-B3-TraceId=X-B3-TraceId=X-B3-TraceId=X-B3-TraceId=X-B3-TraceId=X-B3-TraceId=X-B3-TraceId=X-B3-TraceId=X-B3-TraceId=X-B3-TraceId=X-B3-TraceId=X-B3-TraceId=X-B3-TraceId=X-B3-TraceId=X-B3-TraceId=X-B3-TraceId=X-B3-TraceId=X-B3-TraceId=X-B3-TraceId=X-B3-TraceId=X-B3-TraceId=X-B3-TraceId=X-B3-TraceId=X-B3-TraceId=X-B3-TraceId=X-B3-TraceId=X-B3-TraceId=X-B3-TraceId=X-B3-TraceId=X-B3-TraceId=X-B3-TraceId=X-B3-TraceId=X-B3-TraceId=X-B3-TraceId=X-B3-TraceId=X-B3-TraceId=X-B3-TraceId=X-B3-TraceId=X-B3-TraceId=X-B3-TraceId=X-B3-TraceId=X-B3-TraceId=X-B3-TraceId=X-B3-TraceId=X-B3-TraceId=X-B3-TraceId=X-B3-TraceId=X-B3-TraceId=X-B3-TraceId=X-B3-TraceId=X-B3-TraceId=X-B3-TraceId=X-B3-TraceId=X-B3-TraceId=X-B3-TraceId=X-B3-TraceId=X-B3-TraceId=X-B3-TraceId=X-B3-TraceId=X-B3-TraceId=X-B3-TraceId=X-B3-TraceId=X-B3-TraceId=X-B3-TraceId=X-B3-TraceId=X-B3-TraceId=X-B3-TraceId=X-B3-TraceId=X-B3-TraceId=X-B3-TraceId=X-B3-TraceId=X-B3-TraceId=X-B3-TraceId=X-B3-TraceId=X-B3-TraceId=X-B3-TraceId=X-B3-TraceId=X-B3-TraceId=X-B3-TraceId=X-B3-TraceId=X-B3-TraceId=X-B3-TraceId=X-B3-TraceId=X-B3-TraceId=X-B3-TraceId=X-B3-TraceId=X-B3-TraceId=X-B3-TraceId=X-B3-TraceId=X-B3-TraceId=X-B3-TraceId=X-B3-TraceId=X-B3-TraceId=X-B3-TraceId=X-B3-TraceId=X-B3-TraceId=X-B3-TraceId=X-B3-TraceId=X-B3-TraceId=X-B3-TraceId=X-B3-TraceId=X-B3-TraceId=X-B3-TraceId=X-B3-TraceId=X-B3-TraceId=X-B3-TraceId=X-B3-TraceId=X-B3-TraceId=X-B3-TraceId=X-B3-TraceId=X-B3-TraceId=X-B3-TraceId=X-B3-TraceId=X-B3-TraceId=X-B3-TraceId=X-B3-TraceId=X-B3-TraceId=X-B3-TraceId=X-B3-TraceId=X-B3-TraceId=X-B3-TraceId=X-B3-TraceId=X-B3-TraceId=X-B3-TraceId=X-B3-TraceId=X-B3-TraceId=X-B3-TraceId=X-B3-TraceId=X-B3-TraceId=X-B3-TraceId=X-B3-TraceId=X-B3-TraceId=X-B3-TraceId=X-B3-TraceId=X-B3-TraceId=X-B3-TraceId=X-B3-TraceId=X-B3-TraceId=X-B3-TraceId=X-B3-TraceId=X-B3-TraceId=X-B3-TraceId=X-B3-TraceId=X-B3-TraceId=X-B3-TraceId=X-B3-TraceId=X-B3-TraceId=X-B3-TraceId=X-B3-TraceId=X-B3-TraceId=X-B3-TraceId=X-B3-TraceId=X-B3-TraceId=X-B3-TraceId=X-B3-TraceId=X-B3-TraceId=X-B3-TraceId=X-B3-TraceId=X-B3-TraceId=X-B3-TraceId=X-B3-TraceId=X-B3-TraceId=X-B3-TraceId=X-B3-TraceId=X-B3-TraceId=X-B3-TraceId=X-B3-TraceId=X-B3-TraceId=X-B3-TraceId=X-B3-TraceId=X-B3-TraceId=X-B3-TraceId=X-B3-TraceId=X-B3-TraceId=X-B3-TraceId=X-B3-TraceId=X-B3-TraceId=X-B3-TraceId=X-B3-TraceId=X-B3-TraceId=X-B3-TraceId=X-B3-TraceId=X-B3-TraceId=X-B3-TraceId=X-B3-TraceId=X-B3-TraceId=X-B3-TraceId=X-B3-TraceId=X-B3-TraceId=X-B3-TraceId=X-B3-TraceId=X-B3-TraceId=X-B3-TraceId=X-B3-TraceId=X-B3-TraceId=X-B3-TraceId=X-B3-TraceId=X-B3-TraceId=X-B3-TraceId=X-B3-TraceId=X-B3-TraceId=X-B3-TraceId=X-B3-TraceId=X-B3-TraceId=X-B3-TraceId=X-B3-TraceId=X-B3-TraceId=X-B3-TraceId=X-B3-TraceId=X-B3-TraceId=]]></system-out>
  <system-err><![CDATA[]]></system-err>
</testsuite>
