<?xml version="1.0" encoding="UTF-8"?>
<testsuite name="com.audition.contract.AuditionControllerContractTest" tests="8" skipped="0" failures="0" errors="0" timestamp="2024-10-08T07:31:13" hostname="Madhawas-MacBook-Pro.local" time="0.403">
  <properties/>
  <testcase name="testGetPosts()" classname="com.audition.contract.AuditionControllerContractTest" time="0.214"/>
  <testcase name="testGetCommentsByPostIds()" classname="com.audition.contract.AuditionControllerContractTest" time="0.105"/>
  <testcase name="testGetPostsById()" classname="com.audition.contract.AuditionControllerContractTest" time="0.011"/>
  <testcase name="testGetCommentsByPostId()" classname="com.audition.contract.AuditionControllerContractTest" time="0.009"/>
  <testcase name="testGetCommentsByPostIdInvalid()" classname="com.audition.contract.AuditionControllerContractTest" time="0.034"/>
  <testcase name="testGetPostByIdInvalid()" classname="com.audition.contract.AuditionControllerContractTest" time="0.007"/>
  <testcase name="testGetPostsInvalidUserIds()" classname="com.audition.contract.AuditionControllerContractTest" time="0.007"/>
  <testcase name="testGetCommentsByPostIdsInvalid()" classname="com.audition.contract.AuditionControllerContractTest" time="0.007"/>
  <system-out><![CDATA[18:31:03.900 [Test worker] DEBUG org.springframework.boot.test.context.SpringBootTestContextBootstrapper - Neither @ContextConfiguration nor @ContextHierarchy found for test class [AuditionControllerContractTest]: using SpringBootContextLoader
18:31:03.913 [Test worker] DEBUG org.springframework.test.context.support.AbstractContextLoader - Could not detect default resource locations for test class [com.audition.contract.AuditionControllerContractTest]: no resource found for suffixes {-context.xml, Context.groovy}.
18:31:03.914 [Test worker] INFO org.springframework.test.context.support.AnnotationConfigContextLoaderUtils - Could not detect default configuration classes for test class [com.audition.contract.AuditionControllerContractTest]: AuditionControllerContractTest does not declare any static, non-private, non-final, nested classes annotated with @Configuration.
18:31:03.999 [Test worker] DEBUG org.springframework.boot.test.context.SpringBootTestContextBootstrapper - Using ContextCustomizers for test class [AuditionControllerContractTest]: [DisableObservabilityContextCustomizer, PropertyMappingContextCustomizer, Customizer, ImportsContextCustomizer, ExcludeFilterContextCustomizer, DuplicateJsonObjectContextCustomizer, MockitoContextCustomizer, TestRestTemplateContextCustomizer]
18:31:04.143 [Test worker] DEBUG org.springframework.context.annotation.ClassPathScanningCandidateComponentProvider - Identified candidate component class: file [/Users/madhawaranaweera/IdeaProjects/audition-api/build/classes/java/main/com/audition/AuditionApplication.class]
18:31:04.145 [Test worker] INFO org.springframework.boot.test.context.SpringBootTestContextBootstrapper - Found @SpringBootConfiguration com.audition.AuditionApplication for test class com.audition.contract.AuditionControllerContractTest
18:31:04.368 [Test worker] DEBUG org.springframework.boot.test.context.SpringBootTestContextBootstrapper - Using TestExecutionListeners for test class [AuditionControllerContractTest]: [ServletTestExecutionListener, DirtiesContextBeforeModesTestExecutionListener, ApplicationEventsTestExecutionListener, MockitoTestExecutionListener, DependencyInjectionTestExecutionListener, DirtiesContextTestExecutionListener, TransactionalTestExecutionListener, SqlScriptsTestExecutionListener, EventPublishingTestExecutionListener, RestDocsTestExecutionListener, MockRestServiceServerResetTestExecutionListener, MockMvcPrintOnlyOnFailureTestExecutionListener, WebDriverTestExecutionListener, MockWebServiceServerTestExecutionListener, ResetMocksTestExecutionListener]
18:31:04.370 [Test worker] DEBUG org.springframework.test.context.support.AbstractDirtiesContextTestExecutionListener - Before test class: class [AuditionControllerContractTest], class annotated with @DirtiesContext [false] with mode [null]
18:31:05,718 |-INFO in ch.qos.logback.core.joran.util.ConfigurationWatchListUtil@738ed8d3 - Adding [jar:file:/Users/madhawaranaweera/.gradle/caches/modules-2/files-2.1/org.springframework.boot/spring-boot/3.0.3/d781e7afbeb3d05ce361e9cc4fa7d38b15fb3862/spring-boot-3.0.3.jar!/org/springframework/boot/logging/logback/defaults.xml] to configuration watch list.
18:31:05,718 |-INFO in ch.qos.logback.core.joran.spi.ConfigurationWatchList@328b2c2a - URL [jar:file:/Users/madhawaranaweera/.gradle/caches/modules-2/files-2.1/org.springframework.boot/spring-boot/3.0.3/d781e7afbeb3d05ce361e9cc4fa7d38b15fb3862/spring-boot-3.0.3.jar!/org/springframework/boot/logging/logback/defaults.xml] is not of type file
18:31:05,721 |-INFO in ch.qos.logback.core.joran.action.ConversionRuleAction - registering conversion word clr with class [org.springframework.boot.logging.logback.ColorConverter]
18:31:05,721 |-INFO in ch.qos.logback.core.joran.action.ConversionRuleAction - registering conversion word wex with class [org.springframework.boot.logging.logback.WhitespaceThrowableProxyConverter]
18:31:05,721 |-INFO in ch.qos.logback.core.joran.action.ConversionRuleAction - registering conversion word wEx with class [org.springframework.boot.logging.logback.ExtendedWhitespaceThrowableProxyConverter]
18:31:05,776 |-INFO in ch.qos.logback.core.model.processor.AppenderModelHandler - Processing appender named [console]
18:31:05,776 |-INFO in ch.qos.logback.core.model.processor.AppenderModelHandler - About to instantiate appender of type [ch.qos.logback.core.ConsoleAppender]
18:31:05,783 |-INFO in ch.qos.logback.core.model.processor.ImplicitModelHandler - Assuming default type [ch.qos.logback.classic.encoder.PatternLayoutEncoder] for [encoder] property
18:31:05,811 |-WARN in ch.qos.logback.core.model.processor.AppenderModelHandler - Appender named [flatfile] not referenced. Skipping further processing.
18:31:05,811 |-WARN in ch.qos.logback.core.model.processor.AppenderModelHandler - Appender named [logstash] not referenced. Skipping further processing.
18:31:05,811 |-INFO in ch.qos.logback.classic.model.processor.LoggerModelHandler - Setting level of logger [org.apache.catalina.startup.DigesterFactory] to ERROR
18:31:05,812 |-INFO in ch.qos.logback.classic.jul.LevelChangePropagator@517fb2c3 - Propagating ERROR level on Logger[org.apache.catalina.startup.DigesterFactory] onto the JUL framework
18:31:05,812 |-INFO in ch.qos.logback.classic.model.processor.LoggerModelHandler - Setting level of logger [org.apache.catalina.util.LifecycleBase] to ERROR
18:31:05,812 |-INFO in ch.qos.logback.classic.jul.LevelChangePropagator@517fb2c3 - Propagating ERROR level on Logger[org.apache.catalina.util.LifecycleBase] onto the JUL framework
18:31:05,812 |-INFO in ch.qos.logback.classic.model.processor.LoggerModelHandler - Setting level of logger [org.apache.coyote.http11.Http11NioProtocol] to WARN
18:31:05,812 |-INFO in ch.qos.logback.classic.jul.LevelChangePropagator@517fb2c3 - Propagating WARN level on Logger[org.apache.coyote.http11.Http11NioProtocol] onto the JUL framework
18:31:05,813 |-INFO in ch.qos.logback.classic.model.processor.LoggerModelHandler - Setting level of logger [org.apache.sshd.common.util.SecurityUtils] to WARN
18:31:05,813 |-INFO in ch.qos.logback.classic.jul.LevelChangePropagator@517fb2c3 - Propagating WARN level on Logger[org.apache.sshd.common.util.SecurityUtils] onto the JUL framework
18:31:05,813 |-INFO in ch.qos.logback.classic.model.processor.LoggerModelHandler - Setting level of logger [org.apache.tomcat.util.net.NioSelectorPool] to WARN
18:31:05,813 |-INFO in ch.qos.logback.classic.jul.LevelChangePropagator@517fb2c3 - Propagating WARN level on Logger[org.apache.tomcat.util.net.NioSelectorPool] onto the JUL framework
18:31:05,813 |-INFO in ch.qos.logback.classic.model.processor.LoggerModelHandler - Setting level of logger [org.eclipse.jetty.util.component.AbstractLifeCycle] to ERROR
18:31:05,813 |-INFO in ch.qos.logback.classic.jul.LevelChangePropagator@517fb2c3 - Propagating ERROR level on Logger[org.eclipse.jetty.util.component.AbstractLifeCycle] onto the JUL framework
18:31:05,813 |-INFO in ch.qos.logback.classic.model.processor.LoggerModelHandler - Setting level of logger [org.hibernate.validator.internal.util.Version] to WARN
18:31:05,813 |-INFO in ch.qos.logback.classic.jul.LevelChangePropagator@517fb2c3 - Propagating WARN level on Logger[org.hibernate.validator.internal.util.Version] onto the JUL framework
18:31:05,813 |-INFO in ch.qos.logback.classic.model.processor.LoggerModelHandler - Setting level of logger [org.springframework.boot.actuate.endpoint.jmx] to WARN
18:31:05,813 |-INFO in ch.qos.logback.classic.jul.LevelChangePropagator@517fb2c3 - Propagating WARN level on Logger[org.springframework.boot.actuate.endpoint.jmx] onto the JUL framework
18:31:05,813 |-INFO in ch.qos.logback.classic.model.processor.RootLoggerModelHandler - Setting level of ROOT logger to INFO
18:31:05,813 |-INFO in ch.qos.logback.classic.jul.LevelChangePropagator@517fb2c3 - Propagating INFO level on Logger[ROOT] onto the JUL framework
18:31:05,813 |-INFO in ch.qos.logback.core.model.processor.AppenderRefModelHandler - Attaching appender named [console] to Logger[ROOT]
18:31:05,813 |-INFO in ch.qos.logback.core.model.processor.DefaultProcessor@6c289070 - End of configuration.
18:31:05,814 |-INFO in org.springframework.boot.logging.logback.SpringBootJoranConfigurator@69e58566 - Registering current configuration as safe fallback point


  .   ____          _            __ _ _
 /\\ / ___'_ __ _ _(_)_ __  __ _ \ \ \ \
( ( )\___ | '_ | '_| | '_ \/ _` | \ \ \ \
 \\/  ___)| |_)| | | | | || (_| |  ) ) ) )
  '  |____| .__|_| |_|_| |_\__, | / / / /
 =========|_|==============|___/=/_/_/_/
 :: Spring Boot ::                (v3.0.3)

X-B3-TraceId=X-B3-TraceId=X-B3-TraceId=X-B3-TraceId=X-B3-TraceId=X-B3-TraceId=X-B3-TraceId=X-B3-TraceId=X-B3-TraceId=X-B3-TraceId=X-B3-TraceId=X-B3-TraceId=X-B3-TraceId=X-B3-TraceId=X-B3-TraceId=X-B3-TraceId=X-B3-TraceId=X-B3-TraceId=X-B3-TraceId=]]></system-out>
  <system-err><![CDATA[]]></system-err>
</testsuite>
