<?xml version="1.0" encoding="UTF-8"?>
<testsuite name="com.audition.service.AuditionServiceTest" tests="6" skipped="0" failures="0" errors="0" timestamp="2024-10-08T07:31:22" hostname="Madhawas-MacBook-Pro.local" time="0.065">
  <properties/>
  <testcase name="testGetCommentsSuccess()" classname="com.audition.service.AuditionServiceTest" time="0.057"/>
  <testcase name="testGetPostsSuccess()" classname="com.audition.service.AuditionServiceTest" time="0.001"/>
  <testcase name="testGetPostsNoUserIds()" classname="com.audition.service.AuditionServiceTest" time="0.001"/>
  <testcase name="testGetCommentsByPostIdSuccess()" classname="com.audition.service.AuditionServiceTest" time="0.002"/>
  <testcase name="testGetPostByIdSuccess()" classname="com.audition.service.AuditionServiceTest" time="0.001"/>
  <testcase name="testGetCommentsNoUserIdsProvided()" classname="com.audition.service.AuditionServiceTest" time="0.001"/>
  <system-out><![CDATA[]]></system-out>
  <system-err><![CDATA[]]></system-err>
</testsuite>
