<?xml version="1.0" encoding="UTF-8"?>
<testsuite name="com.audition.service.AuditionServiceTest" tests="6" skipped="0" failures="0" errors="0" timestamp="2024-10-08T14:23:14" hostname="Madhawas-MacBook-Pro.local" time="0.439">
  <properties/>
  <testcase name="testGetCommentsSuccess()" classname="com.audition.service.AuditionServiceTest" time="0.382"/>
  <testcase name="testGetPostsSuccess()" classname="com.audition.service.AuditionServiceTest" time="0.004"/>
  <testcase name="testGetPostsNoUserIds()" classname="com.audition.service.AuditionServiceTest" time="0.012"/>
  <testcase name="testGetCommentsByPostIdSuccess()" classname="com.audition.service.AuditionServiceTest" time="0.013"/>
  <testcase name="testGetPostByIdSuccess()" classname="com.audition.service.AuditionServiceTest" time="0.005"/>
  <testcase name="testGetCommentsNoUserIdsProvided()" classname="com.audition.service.AuditionServiceTest" time="0.004"/>
  <system-out><![CDATA[]]></system-out>
  <system-err><![CDATA[]]></system-err>
</testsuite>
